==19420== Memcheck, a memory error detector
==19420== Copyright (C) 2002-2022, and GNU GPL'd, by Julian Seward et al.
==19420== Using Valgrind-3.22.0 and LibVEX; rerun with -h for copyright info
==19420== Command: ./minishell
==19420== Parent PID: 1071
==19420== 
==19420== 
==19420== HEAP SUMMARY:
==19420==     in use at exit: 232,806 bytes in 234 blocks
==19420==   total heap usage: 570 allocs, 336 frees, 264,688 bytes allocated
==19420== 
==19420== LEAK SUMMARY:
==19420==    definitely lost: 0 bytes in 0 blocks
==19420==    indirectly lost: 0 bytes in 0 blocks
==19420==      possibly lost: 0 bytes in 0 blocks
==19420==    still reachable: 0 bytes in 0 blocks
==19420==         suppressed: 232,806 bytes in 234 blocks
==19420== 
==19420== For lists of detected and suppressed errors, rerun with: -s
==19420== ERROR SUMMARY: 0 errors from 0 contexts (suppressed: 0 from 0)
