==33464== Memcheck, a memory error detector
==33464== Copyright (C) 2002-2022, and GNU GPL'd, by Julian Seward et al.
==33464== Using Valgrind-3.22.0 and LibVEX; rerun with -h for copyright info
==33464== Command: /usr/bin/ls
==33464== Parent PID: 31971
==33464== 
==33464== 
==33464== HEAP SUMMARY:
==33464==     in use at exit: 21,681 bytes in 11 blocks
==33464==   total heap usage: 249 allocs, 238 frees, 80,118 bytes allocated
==33464== 
==33464== 56 bytes in 1 blocks are still reachable in loss record 1 of 8
==33464==    at 0x4846828: malloc (in /usr/libexec/valgrind/vgpreload_memcheck-amd64-linux.so)
==33464==    by 0x119E2F: ??? (in /usr/bin/ls)
==33464==    by 0x10DCE9: ??? (in /usr/bin/ls)
==33464==    by 0x48BA1C9: (below main) (libc_start_call_main.h:58)
==33464== 
==33464== 56 bytes in 1 blocks are still reachable in loss record 2 of 8
==33464==    at 0x4846828: malloc (in /usr/libexec/valgrind/vgpreload_memcheck-amd64-linux.so)
==33464==    by 0x119E2F: ??? (in /usr/bin/ls)
==33464==    by 0x10D849: ??? (in /usr/bin/ls)
==33464==    by 0x48BA1C9: (below main) (libc_start_call_main.h:58)
==33464== 
==33464== 65 bytes in 4 blocks are still reachable in loss record 3 of 8
==33464==    at 0x4846828: malloc (in /usr/libexec/valgrind/vgpreload_memcheck-amd64-linux.so)
==33464==    by 0x118B4E: ??? (in /usr/bin/ls)
==33464==    by 0x11F7C5: ??? (in /usr/bin/ls)
==33464==    by 0x119484: ??? (in /usr/bin/ls)
==33464==    by 0x10DADC: ??? (in /usr/bin/ls)
==33464==    by 0x48BA1C9: (below main) (libc_start_call_main.h:58)
==33464== 
==33464== 96 bytes in 1 blocks are still reachable in loss record 4 of 8
==33464==    at 0x484DB80: realloc (in /usr/libexec/valgrind/vgpreload_memcheck-amd64-linux.so)
==33464==    by 0x1164F4: ??? (in /usr/bin/ls)
==33464==    by 0x1192E3: ??? (in /usr/bin/ls)
==33464==    by 0x10DADC: ??? (in /usr/bin/ls)
==33464==    by 0x48BA1C9: (below main) (libc_start_call_main.h:58)
==33464== 
==33464== 128 bytes in 1 blocks are still reachable in loss record 5 of 8
==33464==    at 0x4846828: malloc (in /usr/libexec/valgrind/vgpreload_memcheck-amd64-linux.so)
==33464==    by 0x111049: ??? (in /usr/bin/ls)
==33464==    by 0x10D9B8: ??? (in /usr/bin/ls)
==33464==    by 0x48BA1C9: (below main) (libc_start_call_main.h:58)
==33464== 
==33464== 192 bytes in 1 blocks are still reachable in loss record 6 of 8
==33464==    at 0x484DB80: realloc (in /usr/libexec/valgrind/vgpreload_memcheck-amd64-linux.so)
==33464==    by 0x117284: ??? (in /usr/bin/ls)
==33464==    by 0x11887F: ??? (in /usr/bin/ls)
==33464==    by 0x10DADC: ??? (in /usr/bin/ls)
==33464==    by 0x48BA1C9: (below main) (libc_start_call_main.h:58)
==33464== 
==33464== 288 bytes in 1 blocks are still reachable in loss record 7 of 8
==33464==    at 0x484DB80: realloc (in /usr/libexec/valgrind/vgpreload_memcheck-amd64-linux.so)
==33464==    by 0x1172D4: ??? (in /usr/bin/ls)
==33464==    by 0x11887F: ??? (in /usr/bin/ls)
==33464==    by 0x10DADC: ??? (in /usr/bin/ls)
==33464==    by 0x48BA1C9: (below main) (libc_start_call_main.h:58)
==33464== 
==33464== 20,800 bytes in 1 blocks are still reachable in loss record 8 of 8
==33464==    at 0x484DB80: realloc (in /usr/libexec/valgrind/vgpreload_memcheck-amd64-linux.so)
==33464==    by 0x10DA26: ??? (in /usr/bin/ls)
==33464==    by 0x48BA1C9: (below main) (libc_start_call_main.h:58)
==33464== 
==33464== LEAK SUMMARY:
==33464==    definitely lost: 0 bytes in 0 blocks
==33464==    indirectly lost: 0 bytes in 0 blocks
==33464==      possibly lost: 0 bytes in 0 blocks
==33464==    still reachable: 21,681 bytes in 11 blocks
==33464==         suppressed: 0 bytes in 0 blocks
==33464== 
==33464== For lists of detected and suppressed errors, rerun with: -s
==33464== ERROR SUMMARY: 0 errors from 0 contexts (suppressed: 0 from 0)
