==33373== Memcheck, a memory error detector
==33373== Copyright (C) 2002-2022, and GNU GPL'd, by Julian Seward et al.
==33373== Using Valgrind-3.22.0 and LibVEX; rerun with -h for copyright info
==33373== Command: /usr/bin/ls
==33373== Parent PID: 31971
==33373== 
==33373== 
==33373== HEAP SUMMARY:
==33373==     in use at exit: 23,157 bytes in 16 blocks
==33373==   total heap usage: 254 allocs, 238 frees, 81,594 bytes allocated
==33373== 
==33373== 56 bytes in 1 blocks are still reachable in loss record 1 of 8
==33373==    at 0x4846828: malloc (in /usr/libexec/valgrind/vgpreload_memcheck-amd64-linux.so)
==33373==    by 0x119E2F: ??? (in /usr/bin/ls)
==33373==    by 0x10DCE9: ??? (in /usr/bin/ls)
==33373==    by 0x48BA1C9: (below main) (libc_start_call_main.h:58)
==33373== 
==33373== 56 bytes in 1 blocks are still reachable in loss record 2 of 8
==33373==    at 0x4846828: malloc (in /usr/libexec/valgrind/vgpreload_memcheck-amd64-linux.so)
==33373==    by 0x119E2F: ??? (in /usr/bin/ls)
==33373==    by 0x10D849: ??? (in /usr/bin/ls)
==33373==    by 0x48BA1C9: (below main) (libc_start_call_main.h:58)
==33373== 
==33373== 101 bytes in 9 blocks are still reachable in loss record 3 of 8
==33373==    at 0x4846828: malloc (in /usr/libexec/valgrind/vgpreload_memcheck-amd64-linux.so)
==33373==    by 0x118B4E: ??? (in /usr/bin/ls)
==33373==    by 0x11F7C5: ??? (in /usr/bin/ls)
==33373==    by 0x119484: ??? (in /usr/bin/ls)
==33373==    by 0x10DADC: ??? (in /usr/bin/ls)
==33373==    by 0x48BA1C9: (below main) (libc_start_call_main.h:58)
==33373== 
==33373== 128 bytes in 1 blocks are still reachable in loss record 4 of 8
==33373==    at 0x4846828: malloc (in /usr/libexec/valgrind/vgpreload_memcheck-amd64-linux.so)
==33373==    by 0x111049: ??? (in /usr/bin/ls)
==33373==    by 0x10D9B8: ??? (in /usr/bin/ls)
==33373==    by 0x48BA1C9: (below main) (libc_start_call_main.h:58)
==33373== 
==33373== 216 bytes in 1 blocks are still reachable in loss record 5 of 8
==33373==    at 0x484DB80: realloc (in /usr/libexec/valgrind/vgpreload_memcheck-amd64-linux.so)
==33373==    by 0x1164F4: ??? (in /usr/bin/ls)
==33373==    by 0x1192E3: ??? (in /usr/bin/ls)
==33373==    by 0x10DADC: ??? (in /usr/bin/ls)
==33373==    by 0x48BA1C9: (below main) (libc_start_call_main.h:58)
==33373== 
==33373== 432 bytes in 1 blocks are still reachable in loss record 6 of 8
==33373==    at 0x484DB80: realloc (in /usr/libexec/valgrind/vgpreload_memcheck-amd64-linux.so)
==33373==    by 0x117284: ??? (in /usr/bin/ls)
==33373==    by 0x11887F: ??? (in /usr/bin/ls)
==33373==    by 0x10DADC: ??? (in /usr/bin/ls)
==33373==    by 0x48BA1C9: (below main) (libc_start_call_main.h:58)
==33373== 
==33373== 1,368 bytes in 1 blocks are still reachable in loss record 7 of 8
==33373==    at 0x484DB80: realloc (in /usr/libexec/valgrind/vgpreload_memcheck-amd64-linux.so)
==33373==    by 0x1172D4: ??? (in /usr/bin/ls)
==33373==    by 0x11887F: ??? (in /usr/bin/ls)
==33373==    by 0x10DADC: ??? (in /usr/bin/ls)
==33373==    by 0x48BA1C9: (below main) (libc_start_call_main.h:58)
==33373== 
==33373== 20,800 bytes in 1 blocks are still reachable in loss record 8 of 8
==33373==    at 0x484DB80: realloc (in /usr/libexec/valgrind/vgpreload_memcheck-amd64-linux.so)
==33373==    by 0x10DA26: ??? (in /usr/bin/ls)
==33373==    by 0x48BA1C9: (below main) (libc_start_call_main.h:58)
==33373== 
==33373== LEAK SUMMARY:
==33373==    definitely lost: 0 bytes in 0 blocks
==33373==    indirectly lost: 0 bytes in 0 blocks
==33373==      possibly lost: 0 bytes in 0 blocks
==33373==    still reachable: 23,157 bytes in 16 blocks
==33373==         suppressed: 0 bytes in 0 blocks
==33373== 
==33373== For lists of detected and suppressed errors, rerun with: -s
==33373== ERROR SUMMARY: 0 errors from 0 contexts (suppressed: 0 from 0)
